<?xml version="1.0" encoding="UTF-8"?>
<!-- Generated by org.testng.reporters.JUnitReportReporter -->
<testsuite hostname="DESKTOP-8521J20" failures="0" tests="4" name="showRunner.pkg.RunnerClass" time="16.108" errors="0" timestamp="2024-07-19T18:21:28 IST" skipped="0">
  <testcase classname="showRunner.pkg.RunnerClass" name="runScenario" time="3.336"/>
  <testcase classname="showRunner.pkg.RunnerClass" name="TC1" time="0.002"/>
  <testcase classname="showRunner.pkg.RunnerClass" name="runScenario" time="6.795"/>
  <testcase classname="showRunner.pkg.RunnerClass" name="runScenario" time="5.975"/>
</testsuite> <!-- showRunner.pkg.RunnerClass -->
