<?xml version="1.0" encoding="UTF-8"?>
<!-- Generated by org.testng.reporters.JUnitReportReporter -->
<testsuite hostname="DESKTOP-8521J20" failures="0" tests="4" name="showRunner.pkg.RunnerClass" time="16.186" errors="2" timestamp="2024-08-07T15:27:02 IST" skipped="0">
  <testcase classname="showRunner.pkg.RunnerClass" name="runScenario" time="8.018"/>
  <testcase classname="showRunner.pkg.RunnerClass" name="runScenario" time="1.900">
    <error message="Cannot create a file when that file already exists" type="java.io.IOException">
      <![CDATA[java.io.IOException: Cannot create a file when that file already exists
at java.base/java.io.WinNTFileSystem.canonicalize0(Native Method)
at java.base/java.io.WinNTFileSystem.canonicalize(WinNTFileSystem.java:463)
at java.base/java.io.File.getCanonicalPath(File.java:626)
at org.apache.commons.io.FileUtils.requireCanonicalPathsNotEquals(FileUtils.java:2601)
at org.apache.commons.io.FileUtils.copyFile(FileUtils.java:842)
at org.apache.commons.io.FileUtils.copyFile(FileUtils.java:756)
at stepDefinition.pkg.StepDef.addScreenShotFile(StepDef.java:73)
]]>
    </error>
  </testcase> <!-- runScenario -->
  <testcase classname="showRunner.pkg.RunnerClass" name="runScenario" time="6.267">
    <error message="The system cannot find the path specified" type="java.io.IOException">
      <![CDATA[java.io.IOException: The system cannot find the path specified
at java.base/java.io.WinNTFileSystem.canonicalize0(Native Method)
at java.base/java.io.WinNTFileSystem.canonicalize(WinNTFileSystem.java:463)
at java.base/java.io.File.getCanonicalPath(File.java:626)
at org.apache.commons.io.FileUtils.requireCanonicalPathsNotEquals(FileUtils.java:2601)
at org.apache.commons.io.FileUtils.copyFile(FileUtils.java:842)
at org.apache.commons.io.FileUtils.copyFile(FileUtils.java:756)
at stepDefinition.pkg.StepDef.addScreenShotFile(StepDef.java:73)
]]>
    </error>
  </testcase> <!-- runScenario -->
  <testcase classname="showRunner.pkg.RunnerClass" name="TC1" time="0.001"/>
</testsuite> <!-- showRunner.pkg.RunnerClass -->
