<?xml version="1.0" encoding="UTF-8"?>
<!-- Generated by org.testng.reporters.JUnitReportReporter -->
<testsuite hostname="DESKTOP-8521J20" failures="0" tests="4" name="showRunner.pkg.RunnerClass" time="15.532" errors="0" timestamp="2024-07-21T01:19:40 IST" skipped="0">
  <testcase classname="showRunner.pkg.RunnerClass" name="runScenario" time="5.267"/>
  <testcase classname="showRunner.pkg.RunnerClass" name="TC1" time="0.000"/>
  <testcase classname="showRunner.pkg.RunnerClass" name="runScenario" time="3.529"/>
  <testcase classname="showRunner.pkg.RunnerClass" name="runScenario" time="6.736"/>
</testsuite> <!-- showRunner.pkg.RunnerClass -->
