<?xml version="1.0" encoding="UTF-8"?>
<!-- Generated by org.testng.reporters.JUnitReportReporter -->
<testsuite hostname="DESKTOP-8521J20" failures="0" tests="3" name="showRunner.pkg.RunnerClass" time="7.150" errors="0" timestamp="2024-07-19T15:18:25 IST" skipped="0">
  <testcase classname="showRunner.pkg.RunnerClass" name="runScenario" time="2.715"/>
  <testcase classname="showRunner.pkg.RunnerClass" name="TC1" time="0.001"/>
  <testcase classname="showRunner.pkg.RunnerClass" name="runScenario" time="4.434"/>
</testsuite> <!-- showRunner.pkg.RunnerClass -->
